<?xml version="1.0" encoding="UTF-8"?>
<!-- Generated by org.testng.reporters.JUnitReportReporter -->
<testsuite skipped="0" hostname="DESKTOP-482OVNE" name="ExceptionHandlingDemo.ExceptionHandlingWithSeleniumDemo" tests="1" failures="0" timestamp="16 Nov 2018 20:52:50 GMT" time="47.839" errors="0">
  <testcase name="testCase1" time="47.839" classname="ExceptionHandlingDemo.ExceptionHandlingWithSeleniumDemo"/>
</testsuite> <!-- ExceptionHandlingDemo.ExceptionHandlingWithSeleniumDemo -->
